# JRE version: OpenJDK Runtime Environment (8.0_242-b01) (build 1.8.0_242-release-1644-b01)
# Java VM: OpenJDK 64-Bit Server VM (25.242-b01 mixed mode windows-amd64 compressed oops)
Heap:
 PSYoungGen      total 591360K, used 115444K [0x00000000d5580000, 0x00000000fef00000, 0x0000000100000000)
  eden space 501248K, 16% used [0x00000000d5580000,0x00000000da77bf68,0x00000000f3f00000)
  from space 90112K, 34% used [0x00000000f3f00000,0x00000000f5dc13a8,0x00000000f9700000)
  to   space 79360K, 0% used [0x00000000fa180000,0x00000000fa180000,0x00000000fef00000)
 ParOldGen       total 314368K, used 181721K [0x0000000080000000, 0x0000000093300000, 0x00000000d5580000)
  object space 314368K, 57% used [0x0000000080000000,0x000000008b1764e0,0x0000000093300000)
 Metaspace       used 199398K, capacity 210036K, committed 210176K, reserved 1232896K
  class space    used 24647K, capacity 26584K, committed 26624K, reserved 1048576K
GC Heap History (10 events):
Event: 4265.932 GC heap before
{Heap before GC invocations=68 (full 7):
 PSYoungGen      total 581120K, used 520685K [0x00000000d5580000, 0x00000000ff180000, 0x0000000100000000)
  eden space 497664K, 100% used [0x00000000d5580000,0x00000000f3b80000,0x00000000f3b80000)
  from space 83456K, 27% used [0x00000000fa000000,0x00000000fb67b470,0x00000000ff180000)
  to   space 93184K, 0% used [0x00000000f3b80000,0x00000000f3b80000,0x00000000f9680000)
 ParOldGen       total 314368K, used 155674K [0x0000000080000000, 0x0000000093300000, 0x00000000d5580000)
  object space 314368K, 49% used [0x0000000080000000,0x0000000089806be8,0x0000000093300000)
 Metaspace       used 190047K, capacity 199870K, committed 200192K, reserved 1224704K
  class space    used 23646K, capacity 25425K, committed 25600K, reserved 1048576K
Event: 4265.946 GC heap after
Heap after GC invocations=68 (full 7):
 PSYoungGen      total 590848K, used 8987K [0x00000000d5580000, 0x0000000100000000, 0x0000000100000000)
  eden space 497664K, 0% used [0x00000000d5580000,0x00000000d5580000,0x00000000f3b80000)
  from space 93184K, 9% used [0x00000000f3b80000,0x00000000f4446f80,0x00000000f9680000)
  to   space 90624K, 0% used [0x00000000fa780000,0x00000000fa780000,0x0000000100000000)
 ParOldGen       total 314368K, used 158269K [0x0000000080000000, 0x0000000093300000, 0x00000000d5580000)
  object space 314368K, 50% used [0x0000000080000000,0x0000000089a8f5e0,0x0000000093300000)
 Metaspace       used 190047K, capacity 199870K, committed 200192K, reserved 1224704K
  class space    used 23646K, capacity 25425K, committed 25600K, reserved 1048576K
}
Event: 4268.884 GC heap before
{Heap before GC invocations=69 (full 7):
 PSYoungGen      total 590848K, used 506651K [0x00000000d5580000, 0x0000000100000000, 0x0000000100000000)
  eden space 497664K, 100% used [0x00000000d5580000,0x00000000f3b80000,0x00000000f3b80000)
  from space 93184K, 9% used [0x00000000f3b80000,0x00000000f4446f80,0x00000000f9680000)
  to   space 90624K, 0% used [0x00000000fa780000,0x00000000fa780000,0x0000000100000000)
 ParOldGen       total 314368K, used 158269K [0x0000000080000000, 0x0000000093300000, 0x00000000d5580000)
  object space 314368K, 50% used [0x0000000080000000,0x0000000089a8f5e0,0x0000000093300000)
 Metaspace       used 190192K, capacity 199972K, committed 200192K, reserved 1224704K
  class space    used 23649K, capacity 25430K, committed 25600K, reserved 1048576K
Event: 4268.998 GC heap after
Heap after GC invocations=69 (full 7):
 PSYoungGen      total 585728K, used 76160K [0x00000000d5580000, 0x0000000100000000, 0x0000000100000000)
  eden space 495104K, 0% used [0x00000000d5580000,0x00000000d5580000,0x00000000f3900000)
  from space 90624K, 84% used [0x00000000fa780000,0x00000000ff1e0058,0x0000000100000000)
  to   space 101888K, 0% used [0x00000000f3900000,0x00000000f3900000,0x00000000f9c80000)
 ParOldGen       total 314368K, used 164368K [0x0000000080000000, 0x0000000093300000, 0x00000000d5580000)
  object space 314368K, 52% used [0x0000000080000000,0x000000008a084068,0x0000000093300000)
 Metaspace       used 190192K, capacity 199972K, committed 200192K, reserved 1224704K
  class space    used 23649K, capacity 25430K, committed 25600K, reserved 1048576K
}
Event: 4277.171 GC heap before
{Heap before GC invocations=70 (full 7):
 PSYoungGen      total 585728K, used 571264K [0x00000000d5580000, 0x0000000100000000, 0x0000000100000000)
  eden space 495104K, 100% used [0x00000000d5580000,0x00000000f3900000,0x00000000f3900000)
  from space 90624K, 84% used [0x00000000fa780000,0x00000000ff1e0058,0x0000000100000000)
  to   space 101888K, 0% used [0x00000000f3900000,0x00000000f3900000,0x00000000f9c80000)
 ParOldGen       total 314368K, used 164703K [0x0000000080000000, 0x0000000093300000, 0x00000000d5580000)
  object space 314368K, 52% used [0x0000000080000000,0x000000008a0d7e38,0x0000000093300000)
 Metaspace       used 190478K, capacity 200300K, committed 200704K, reserved 1224704K
  class space    used 23650K, capacity 25430K, committed 25600K, reserved 1048576K
Event: 4277.219 GC heap after
Heap after GC invocations=70 (full 7):
 PSYoungGen      total 596992K, used 29492K [0x00000000d5580000, 0x00000000fff00000, 0x0000000100000000)
  eden space 495104K, 0% used [0x00000000d5580000,0x00000000d5580000,0x00000000f3900000)
  from space 101888K, 28% used [0x00000000f3900000,0x00000000f55cd2c8,0x00000000f9c80000)
  to   space 95744K, 0% used [0x00000000fa180000,0x00000000fa180000,0x00000000fff00000)
 ParOldGen       total 314368K, used 167266K [0x0000000080000000, 0x0000000093300000, 0x00000000d5580000)
  object space 314368K, 53% used [0x0000000080000000,0x000000008a358bf0,0x0000000093300000)
 Metaspace       used 190478K, capacity 200300K, committed 200704K, reserved 1224704K
  class space    used 23650K, capacity 25430K, committed 25600K, reserved 1048576K
}
Event: 4401.162 GC heap before
{Heap before GC invocations=71 (full 7):
 PSYoungGen      total 596992K, used 524596K [0x00000000d5580000, 0x00000000fff00000, 0x0000000100000000)
  eden space 495104K, 100% used [0x00000000d5580000,0x00000000f3900000,0x00000000f3900000)
  from space 101888K, 28% used [0x00000000f3900000,0x00000000f55cd2c8,0x00000000f9c80000)
  to   space 95744K, 0% used [0x00000000fa180000,0x00000000fa180000,0x00000000fff00000)
 ParOldGen       total 314368K, used 167468K [0x0000000080000000, 0x0000000093300000, 0x00000000d5580000)
  object space 314368K, 53% used [0x0000000080000000,0x000000008a38b398,0x0000000093300000)
 Metaspace       used 195690K, capacity 205940K, committed 206208K, reserved 1228800K
  class space    used 24286K, capacity 26178K, committed 26240K, reserved 1048576K
Event: 4401.192 GC heap after
Heap after GC invocations=71 (full 7):
 PSYoungGen      total 580608K, used 29042K [0x00000000d5580000, 0x00000000fef00000, 0x0000000100000000)
  eden space 501248K, 0% used [0x00000000d5580000,0x00000000d5580000,0x00000000f3f00000)
  from space 79360K, 36% used [0x00000000fa180000,0x00000000fbddc8f0,0x00000000fef00000)
  to   space 90112K, 0% used [0x00000000f3f00000,0x00000000f3f00000,0x00000000f9700000)
 ParOldGen       total 314368K, used 171054K [0x0000000080000000, 0x0000000093300000, 0x00000000d5580000)
  object space 314368K, 54% used [0x0000000080000000,0x000000008a70b908,0x0000000093300000)
 Metaspace       used 195690K, capacity 205940K, committed 206208K, reserved 1228800K
  class space    used 24286K, capacity 26178K, committed 26240K, reserved 1048576K
}
Event: 5953.428 GC heap before
{Heap before GC invocations=72 (full 7):
 PSYoungGen      total 580608K, used 530290K [0x00000000d5580000, 0x00000000fef00000, 0x0000000100000000)
  eden space 501248K, 100% used [0x00000000d5580000,0x00000000f3f00000,0x00000000f3f00000)
  from space 79360K, 36% used [0x00000000fa180000,0x00000000fbddc8f0,0x00000000fef00000)
  to   space 90112K, 0% used [0x00000000f3f00000,0x00000000f3f00000,0x00000000f9700000)
 ParOldGen       total 314368K, used 171054K [0x0000000080000000, 0x0000000093300000, 0x00000000d5580000)
  object space 314368K, 54% used [0x0000000080000000,0x000000008a70b908,0x0000000093300000)
 Metaspace       used 199398K, capacity 210036K, committed 210176K, reserved 1232896K
  class space    used 24647K, capacity 26584K, committed 26624K, reserved 1048576K
Event: 5953.480 GC heap after
Heap after GC invocations=72 (full 7):
 PSYoungGen      total 591360K, used 31492K [0x00000000d5580000, 0x00000000fef00000, 0x0000000100000000)
  eden space 501248K, 0% used [0x00000000d5580000,0x00000000d5580000,0x00000000f3f00000)
  from space 90112K, 34% used [0x00000000f3f00000,0x00000000f5dc13a8,0x00000000f9700000)
  to   space 79360K, 0% used [0x00000000fa180000,0x00000000fa180000,0x00000000fef00000)
 ParOldGen       total 314368K, used 181721K [0x0000000080000000, 0x0000000093300000, 0x00000000d5580000)
  object space 314368K, 57% used [0x0000000080000000,0x000000008b1764e0,0x0000000093300000)
 Metaspace       used 199398K, capacity 210036K, committed 210176K, reserved 1232896K
  class space    used 24647K, capacity 26584K, committed 26624K, reserved 1048576K
}

