# JRE version: OpenJDK Runtime Environment (8.0_242-b01) (build 1.8.0_242-release-1644-b01)
# Java VM: OpenJDK 64-Bit Server VM (25.242-b01 mixed mode windows-amd64 compressed oops)
Heap:
 PSYoungGen      total 621056K, used 168757K [0x00000000d5580000, 0x0000000100000000, 0x0000000100000000)
  eden space 552960K, 20% used [0x00000000d5580000,0x00000000dc6c08c0,0x00000000f7180000)
  from space 68096K, 77% used [0x00000000f7180000,0x00000000fa50cb48,0x00000000fb400000)
  to   space 73728K, 0% used [0x00000000fb800000,0x00000000fb800000,0x0000000100000000)
 ParOldGen       total 356864K, used 313667K [0x0000000080000000, 0x0000000095c80000, 0x00000000d5580000)
  object space 356864K, 87% used [0x0000000080000000,0x0000000093250c00,0x0000000095c80000)
 Metaspace       used 238373K, capacity 254088K, committed 254336K, reserved 1271808K
  class space    used 29689K, capacity 32437K, committed 32640K, reserved 1048576K
GC Heap History (10 events):
Event: 5023.668 GC heap before
{Heap before GC invocations=100 (full 7):
 PSYoungGen      total 631296K, used 575002K [0x00000000d5580000, 0x00000000ff980000, 0x0000000100000000)
  eden space 578560K, 97% used [0x00000000d5580000,0x00000000f7d7f7c0,0x00000000f8a80000)
  from space 52736K, 18% used [0x00000000fc600000,0x00000000fcf87128,0x00000000ff980000)
  to   space 56832K, 0% used [0x00000000f8a80000,0x00000000f8a80000,0x00000000fc200000)
 ParOldGen       total 356864K, used 256755K [0x0000000080000000, 0x0000000095c80000, 0x00000000d5580000)
  object space 356864K, 71% used [0x0000000080000000,0x000000008fabccc0,0x0000000095c80000)
 Metaspace       used 196812K, capacity 209190K, committed 213120K, reserved 1234944K
  class space    used 24139K, capacity 26212K, committed 27008K, reserved 1048576K
Event: 5023.767 GC heap after
Heap after GC invocations=100 (full 7):
 PSYoungGen      total 635392K, used 56823K [0x00000000d5580000, 0x0000000100000000, 0x0000000100000000)
  eden space 578560K, 0% used [0x00000000d5580000,0x00000000d5580000,0x00000000f8a80000)
  from space 56832K, 99% used [0x00000000f8a80000,0x00000000fc1fdf30,0x00000000fc200000)
  to   space 63488K, 0% used [0x00000000fc200000,0x00000000fc200000,0x0000000100000000)
 ParOldGen       total 356864K, used 288519K [0x0000000080000000, 0x0000000095c80000, 0x00000000d5580000)
  object space 356864K, 80% used [0x0000000080000000,0x00000000919c1f28,0x0000000095c80000)
 Metaspace       used 196812K, capacity 209190K, committed 213120K, reserved 1234944K
  class space    used 24139K, capacity 26212K, committed 27008K, reserved 1048576K
}
Event: 5068.145 GC heap before
{Heap before GC invocations=101 (full 7):
 PSYoungGen      total 635392K, used 635383K [0x00000000d5580000, 0x0000000100000000, 0x0000000100000000)
  eden space 578560K, 100% used [0x00000000d5580000,0x00000000f8a80000,0x00000000f8a80000)
  from space 56832K, 99% used [0x00000000f8a80000,0x00000000fc1fdf30,0x00000000fc200000)
  to   space 63488K, 0% used [0x00000000fc200000,0x00000000fc200000,0x0000000100000000)
 ParOldGen       total 356864K, used 288519K [0x0000000080000000, 0x0000000095c80000, 0x00000000d5580000)
  object space 356864K, 80% used [0x0000000080000000,0x00000000919c1f28,0x0000000095c80000)
 Metaspace       used 214127K, capacity 227694K, committed 228608K, reserved 1249280K
  class space    used 26623K, capacity 28944K, committed 29184K, reserved 1048576K
Event: 5068.196 GC heap after
Heap after GC invocations=101 (full 7):
 PSYoungGen      total 612864K, used 31621K [0x00000000d5580000, 0x0000000100000000, 0x0000000100000000)
  eden space 549376K, 0% used [0x00000000d5580000,0x00000000d5580000,0x00000000f6e00000)
  from space 63488K, 49% used [0x00000000fc200000,0x00000000fe0e16a0,0x0000000100000000)
  to   space 74752K, 0% used [0x00000000f6e00000,0x00000000f6e00000,0x00000000fb700000)
 ParOldGen       total 356864K, used 298476K [0x0000000080000000, 0x0000000095c80000, 0x00000000d5580000)
  object space 356864K, 83% used [0x0000000080000000,0x000000009237b290,0x0000000095c80000)
 Metaspace       used 214127K, capacity 227694K, committed 228608K, reserved 1249280K
  class space    used 26623K, capacity 28944K, committed 29184K, reserved 1048576K
}
Event: 5077.861 GC heap before
{Heap before GC invocations=102 (full 7):
 PSYoungGen      total 612864K, used 580997K [0x00000000d5580000, 0x0000000100000000, 0x0000000100000000)
  eden space 549376K, 100% used [0x00000000d5580000,0x00000000f6e00000,0x00000000f6e00000)
  from space 63488K, 49% used [0x00000000fc200000,0x00000000fe0e16a0,0x0000000100000000)
  to   space 74752K, 0% used [0x00000000f6e00000,0x00000000f6e00000,0x00000000fb700000)
 ParOldGen       total 356864K, used 298476K [0x0000000080000000, 0x0000000095c80000, 0x00000000d5580000)
  object space 356864K, 83% used [0x0000000080000000,0x000000009237b290,0x0000000095c80000)
 Metaspace       used 226207K, capacity 240014K, committed 240512K, reserved 1259520K
  class space    used 27957K, capacity 30336K, committed 30592K, reserved 1048576K
Event: 5077.892 GC heap after
Heap after GC invocations=102 (full 7):
 PSYoungGen      total 624128K, used 21779K [0x00000000d5580000, 0x0000000100000000, 0x0000000100000000)
  eden space 549376K, 0% used [0x00000000d5580000,0x00000000d5580000,0x00000000f6e00000)
  from space 74752K, 29% used [0x00000000f6e00000,0x00000000f8344cd8,0x00000000fb700000)
  to   space 71168K, 0% used [0x00000000fba80000,0x00000000fba80000,0x0000000100000000)
 ParOldGen       total 356864K, used 313643K [0x0000000080000000, 0x0000000095c80000, 0x00000000d5580000)
  object space 356864K, 87% used [0x0000000080000000,0x000000009324ac00,0x0000000095c80000)
 Metaspace       used 226207K, capacity 240014K, committed 240512K, reserved 1259520K
  class space    used 27957K, capacity 30336K, committed 30592K, reserved 1048576K
}
Event: 5086.614 GC heap before
{Heap before GC invocations=103 (full 7):
 PSYoungGen      total 624128K, used 571155K [0x00000000d5580000, 0x0000000100000000, 0x0000000100000000)
  eden space 549376K, 100% used [0x00000000d5580000,0x00000000f6e00000,0x00000000f6e00000)
  from space 74752K, 29% used [0x00000000f6e00000,0x00000000f8344cd8,0x00000000fb700000)
  to   space 71168K, 0% used [0x00000000fba80000,0x00000000fba80000,0x0000000100000000)
 ParOldGen       total 356864K, used 313643K [0x0000000080000000, 0x0000000095c80000, 0x00000000d5580000)
  object space 356864K, 87% used [0x0000000080000000,0x000000009324ac00,0x0000000095c80000)
 Metaspace       used 227389K, capacity 241142K, committed 241664K, reserved 1259520K
  class space    used 28070K, capacity 30446K, committed 30720K, reserved 1048576K
Event: 5086.638 GC heap after
Heap after GC invocations=103 (full 7):
 PSYoungGen      total 614400K, used 20605K [0x00000000d5580000, 0x00000000ff680000, 0x0000000100000000)
  eden space 552960K, 0% used [0x00000000d5580000,0x00000000d5580000,0x00000000f7180000)
  from space 61440K, 33% used [0x00000000fba80000,0x00000000fce9f458,0x00000000ff680000)
  to   space 68096K, 0% used [0x00000000f7180000,0x00000000f7180000,0x00000000fb400000)
 ParOldGen       total 356864K, used 313651K [0x0000000080000000, 0x0000000095c80000, 0x00000000d5580000)
  object space 356864K, 87% used [0x0000000080000000,0x000000009324cc00,0x0000000095c80000)
 Metaspace       used 227389K, capacity 241142K, committed 241664K, reserved 1259520K
  class space    used 28070K, capacity 30446K, committed 30720K, reserved 1048576K
}
Event: 5091.410 GC heap before
{Heap before GC invocations=104 (full 7):
 PSYoungGen      total 614400K, used 573565K [0x00000000d5580000, 0x00000000ff680000, 0x0000000100000000)
  eden space 552960K, 100% used [0x00000000d5580000,0x00000000f7180000,0x00000000f7180000)
  from space 61440K, 33% used [0x00000000fba80000,0x00000000fce9f458,0x00000000ff680000)
  to   space 68096K, 0% used [0x00000000f7180000,0x00000000f7180000,0x00000000fb400000)
 ParOldGen       total 356864K, used 313651K [0x0000000080000000, 0x0000000095c80000, 0x00000000d5580000)
  object space 356864K, 87% used [0x0000000080000000,0x000000009324cc00,0x0000000095c80000)
 Metaspace       used 238280K, capacity 253978K, committed 254336K, reserved 1271808K
  class space    used 29685K, capacity 32432K, committed 32640K, reserved 1048576K
Event: 5091.475 GC heap after
Heap after GC invocations=104 (full 7):
 PSYoungGen      total 621056K, used 52786K [0x00000000d5580000, 0x0000000100000000, 0x0000000100000000)
  eden space 552960K, 0% used [0x00000000d5580000,0x00000000d5580000,0x00000000f7180000)
  from space 68096K, 77% used [0x00000000f7180000,0x00000000fa50cb48,0x00000000fb400000)
  to   space 73728K, 0% used [0x00000000fb800000,0x00000000fb800000,0x0000000100000000)
 ParOldGen       total 356864K, used 313667K [0x0000000080000000, 0x0000000095c80000, 0x00000000d5580000)
  object space 356864K, 87% used [0x0000000080000000,0x0000000093250c00,0x0000000095c80000)
 Metaspace       used 238280K, capacity 253978K, committed 254336K, reserved 1271808K
  class space    used 29685K, capacity 32432K, committed 32640K, reserved 1048576K
}

