# JRE version: OpenJDK Runtime Environment (8.0_242-b01) (build 1.8.0_242-release-1644-b01)
# Java VM: OpenJDK 64-Bit Server VM (25.242-b01 mixed mode windows-amd64 compressed oops)
Heap:
 PSYoungGen      total 422400K, used 273092K [0x00000000d5580000, 0x00000000f6080000, 0x0000000100000000)
  eden space 358400K, 66% used [0x00000000d5580000,0x00000000e3ede2d0,0x00000000eb380000)
  from space 64000K, 53% used [0x00000000eb380000,0x00000000ed4d2de0,0x00000000ef200000)
  to   space 63488K, 0% used [0x00000000f2280000,0x00000000f2280000,0x00000000f6080000)
 ParOldGen       total 276480K, used 120539K [0x0000000080000000, 0x0000000090e00000, 0x00000000d5580000)
  object space 276480K, 43% used [0x0000000080000000,0x00000000875b6da0,0x0000000090e00000)
 Metaspace       used 103272K, capacity 108156K, committed 108288K, reserved 1142784K
  class space    used 13613K, capacity 14506K, committed 14592K, reserved 1048576K
GC Heap History (10 events):
Event: 20.727 GC heap before
{Heap before GC invocations=17 (full 3):
 PSYoungGen      total 265216K, used 265193K [0x00000000d5580000, 0x00000000ea900000, 0x0000000100000000)
  eden space 243712K, 100% used [0x00000000d5580000,0x00000000e4380000,0x00000000e4380000)
  from space 21504K, 99% used [0x00000000e4380000,0x00000000e587a5b8,0x00000000e5880000)
  to   space 26624K, 0% used [0x00000000e8f00000,0x00000000e8f00000,0x00000000ea900000)
 ParOldGen       total 134144K, used 41103K [0x0000000080000000, 0x0000000088300000, 0x00000000d5580000)
  object space 134144K, 30% used [0x0000000080000000,0x0000000082823f58,0x0000000088300000)
 Metaspace       used 79253K, capacity 82506K, committed 82816K, reserved 1120256K
  class space    used 10460K, capacity 11050K, committed 11136K, reserved 1048576K
Event: 20.763 GC heap after
Heap after GC invocations=17 (full 3):
 PSYoungGen      total 314368K, used 26601K [0x00000000d5580000, 0x00000000eb280000, 0x0000000100000000)
  eden space 287744K, 0% used [0x00000000d5580000,0x00000000d5580000,0x00000000e6e80000)
  from space 26624K, 99% used [0x00000000e8f00000,0x00000000ea8fa5c8,0x00000000ea900000)
  to   space 33280K, 0% used [0x00000000e6e80000,0x00000000e6e80000,0x00000000e8f00000)
 ParOldGen       total 134144K, used 48268K [0x0000000080000000, 0x0000000088300000, 0x00000000d5580000)
  object space 134144K, 35% used [0x0000000080000000,0x0000000082f232a0,0x0000000088300000)
 Metaspace       used 79253K, capacity 82506K, committed 82816K, reserved 1120256K
  class space    used 10460K, capacity 11050K, committed 11136K, reserved 1048576K
}
Event: 23.107 GC heap before
{Heap before GC invocations=18 (full 3):
 PSYoungGen      total 314368K, used 314345K [0x00000000d5580000, 0x00000000eb280000, 0x0000000100000000)
  eden space 287744K, 100% used [0x00000000d5580000,0x00000000e6e80000,0x00000000e6e80000)
  from space 26624K, 99% used [0x00000000e8f00000,0x00000000ea8fa5c8,0x00000000ea900000)
  to   space 33280K, 0% used [0x00000000e6e80000,0x00000000e6e80000,0x00000000e8f00000)
 ParOldGen       total 134144K, used 48268K [0x0000000080000000, 0x0000000088300000, 0x00000000d5580000)
  object space 134144K, 35% used [0x0000000080000000,0x0000000082f232a0,0x0000000088300000)
 Metaspace       used 86940K, capacity 90796K, committed 91008K, reserved 1128448K
  class space    used 11584K, capacity 12305K, committed 12416K, reserved 1048576K
Event: 23.319 GC heap after
Heap after GC invocations=18 (full 3):
 PSYoungGen      total 321024K, used 33266K [0x00000000d5580000, 0x00000000f3680000, 0x0000000100000000)
  eden space 287744K, 0% used [0x00000000d5580000,0x00000000d5580000,0x00000000e6e80000)
  from space 33280K, 99% used [0x00000000e6e80000,0x00000000e8efc9d0,0x00000000e8f00000)
  to   space 62976K, 0% used [0x00000000ef900000,0x00000000ef900000,0x00000000f3680000)
 ParOldGen       total 134144K, used 115217K [0x0000000080000000, 0x0000000088300000, 0x00000000d5580000)
  object space 134144K, 85% used [0x0000000080000000,0x00000000870844a8,0x0000000088300000)
 Metaspace       used 86940K, capacity 90796K, committed 91008K, reserved 1128448K
  class space    used 11584K, capacity 12305K, committed 12416K, reserved 1048576K
}
Event: 23.319 GC heap before
{Heap before GC invocations=19 (full 4):
 PSYoungGen      total 321024K, used 33266K [0x00000000d5580000, 0x00000000f3680000, 0x0000000100000000)
  eden space 287744K, 0% used [0x00000000d5580000,0x00000000d5580000,0x00000000e6e80000)
  from space 33280K, 99% used [0x00000000e6e80000,0x00000000e8efc9d0,0x00000000e8f00000)
  to   space 62976K, 0% used [0x00000000ef900000,0x00000000ef900000,0x00000000f3680000)
 ParOldGen       total 134144K, used 115217K [0x0000000080000000, 0x0000000088300000, 0x00000000d5580000)
  object space 134144K, 85% used [0x0000000080000000,0x00000000870844a8,0x0000000088300000)
 Metaspace       used 86940K, capacity 90796K, committed 91008K, reserved 1128448K
  class space    used 11584K, capacity 12305K, committed 12416K, reserved 1048576K
Event: 23.986 GC heap after
Heap after GC invocations=19 (full 4):
 PSYoungGen      total 321024K, used 0K [0x00000000d5580000, 0x00000000f3680000, 0x0000000100000000)
  eden space 287744K, 0% used [0x00000000d5580000,0x00000000d5580000,0x00000000e6e80000)
  from space 33280K, 0% used [0x00000000e6e80000,0x00000000e6e80000,0x00000000e8f00000)
  to   space 62976K, 0% used [0x00000000ef900000,0x00000000ef900000,0x00000000f3680000)
 ParOldGen       total 276480K, used 120523K [0x0000000080000000, 0x0000000090e00000, 0x00000000d5580000)
  object space 276480K, 43% used [0x0000000080000000,0x00000000875b2da0,0x0000000090e00000)
 Metaspace       used 86862K, capacity 90556K, committed 91008K, reserved 1128448K
  class space    used 11560K, capacity 12261K, committed 12416K, reserved 1048576K
}
Event: 26.075 GC heap before
{Heap before GC invocations=20 (full 4):
 PSYoungGen      total 321024K, used 287744K [0x00000000d5580000, 0x00000000f3680000, 0x0000000100000000)
  eden space 287744K, 100% used [0x00000000d5580000,0x00000000e6e80000,0x00000000e6e80000)
  from space 33280K, 0% used [0x00000000e6e80000,0x00000000e6e80000,0x00000000e8f00000)
  to   space 62976K, 0% used [0x00000000ef900000,0x00000000ef900000,0x00000000f3680000)
 ParOldGen       total 276480K, used 120523K [0x0000000080000000, 0x0000000090e00000, 0x00000000d5580000)
  object space 276480K, 43% used [0x0000000080000000,0x00000000875b2da0,0x0000000090e00000)
 Metaspace       used 88542K, capacity 92498K, committed 92672K, reserved 1130496K
  class space    used 11755K, capacity 12480K, committed 12544K, reserved 1048576K
Event: 26.117 GC heap after
Heap after GC invocations=20 (full 4):
 PSYoungGen      total 415232K, used 36325K [0x00000000d5580000, 0x00000000f3080000, 0x0000000100000000)
  eden space 358400K, 0% used [0x00000000d5580000,0x00000000d5580000,0x00000000eb380000)
  from space 56832K, 63% used [0x00000000ef900000,0x00000000f1c794b8,0x00000000f3080000)
  to   space 64000K, 0% used [0x00000000eb380000,0x00000000eb380000,0x00000000ef200000)
 ParOldGen       total 276480K, used 120531K [0x0000000080000000, 0x0000000090e00000, 0x00000000d5580000)
  object space 276480K, 43% used [0x0000000080000000,0x00000000875b4da0,0x0000000090e00000)
 Metaspace       used 88542K, capacity 92498K, committed 92672K, reserved 1130496K
  class space    used 11755K, capacity 12480K, committed 12544K, reserved 1048576K
}
Event: 46.001 GC heap before
{Heap before GC invocations=21 (full 4):
 PSYoungGen      total 415232K, used 394725K [0x00000000d5580000, 0x00000000f3080000, 0x0000000100000000)
  eden space 358400K, 100% used [0x00000000d5580000,0x00000000eb380000,0x00000000eb380000)
  from space 56832K, 63% used [0x00000000ef900000,0x00000000f1c794b8,0x00000000f3080000)
  to   space 64000K, 0% used [0x00000000eb380000,0x00000000eb380000,0x00000000ef200000)
 ParOldGen       total 276480K, used 120531K [0x0000000080000000, 0x0000000090e00000, 0x00000000d5580000)
  object space 276480K, 43% used [0x0000000080000000,0x00000000875b4da0,0x0000000090e00000)
 Metaspace       used 99132K, capacity 103554K, committed 103936K, reserved 1138688K
  class space    used 13139K, capacity 13953K, committed 14080K, reserved 1048576K
Event: 46.051 GC heap after
Heap after GC invocations=21 (full 4):
 PSYoungGen      total 422400K, used 34123K [0x00000000d5580000, 0x00000000f6080000, 0x0000000100000000)
  eden space 358400K, 0% used [0x00000000d5580000,0x00000000d5580000,0x00000000eb380000)
  from space 64000K, 53% used [0x00000000eb380000,0x00000000ed4d2de0,0x00000000ef200000)
  to   space 63488K, 0% used [0x00000000f2280000,0x00000000f2280000,0x00000000f6080000)
 ParOldGen       total 276480K, used 120539K [0x0000000080000000, 0x0000000090e00000, 0x00000000d5580000)
  object space 276480K, 43% used [0x0000000080000000,0x00000000875b6da0,0x0000000090e00000)
 Metaspace       used 99132K, capacity 103554K, committed 103936K, reserved 1138688K
  class space    used 13139K, capacity 13953K, committed 14080K, reserved 1048576K
}

