# JRE version: OpenJDK Runtime Environment (8.0_242-b01) (build 1.8.0_242-release-1644-b01)
# Java VM: OpenJDK 64-Bit Server VM (25.242-b01 mixed mode windows-amd64 compressed oops)
Heap:
 PSYoungGen      total 394752K, used 115442K [0x00000000d5580000, 0x00000000efd00000, 0x0000000100000000)
  eden space 361984K, 24% used [0x00000000d5580000,0x00000000dadcc3a8,0x00000000eb700000)
  from space 32768K, 76% used [0x00000000edd00000,0x00000000ef570558,0x00000000efd00000)
  to   space 35840K, 0% used [0x00000000eb700000,0x00000000eb700000,0x00000000eda00000)
 ParOldGen       total 203776K, used 61610K [0x0000000080000000, 0x000000008c700000, 0x00000000d5580000)
  object space 203776K, 30% used [0x0000000080000000,0x0000000083c2ab28,0x000000008c700000)
 Metaspace       used 104140K, capacity 109354K, committed 109568K, reserved 1144832K
  class space    used 13584K, capacity 14567K, committed 14592K, reserved 1048576K
GC Heap History (10 events):
Event: 318.745 GC heap before
{Heap before GC invocations=18 (full 3):
 PSYoungGen      total 323072K, used 314090K [0x00000000d5580000, 0x00000000ec680000, 0x0000000100000000)
  eden space 295424K, 96% used [0x00000000d5580000,0x00000000e6d42540,0x00000000e7600000)
  from space 27648K, 99% used [0x00000000e9a80000,0x00000000eb578400,0x00000000eb580000)
  to   space 37376K, 0% used [0x00000000e7600000,0x00000000e7600000,0x00000000e9a80000)
 ParOldGen       total 133632K, used 62838K [0x0000000080000000, 0x0000000088280000, 0x00000000d5580000)
  object space 133632K, 47% used [0x0000000080000000,0x0000000083d5da00,0x0000000088280000)
 Metaspace       used 93701K, capacity 98374K, committed 98496K, reserved 1134592K
  class space    used 12629K, capacity 13476K, committed 13568K, reserved 1048576K
Event: 318.768 GC heap after
Heap after GC invocations=18 (full 3):
 PSYoungGen      total 332800K, used 8350K [0x00000000d5580000, 0x00000000ee680000, 0x0000000100000000)
  eden space 295424K, 0% used [0x00000000d5580000,0x00000000d5580000,0x00000000e7600000)
  from space 37376K, 22% used [0x00000000e7600000,0x00000000e7e27af8,0x00000000e9a80000)
  to   space 36352K, 0% used [0x00000000ec300000,0x00000000ec300000,0x00000000ee680000)
 ParOldGen       total 133632K, used 68865K [0x0000000080000000, 0x0000000088280000, 0x00000000d5580000)
  object space 133632K, 51% used [0x0000000080000000,0x0000000084340638,0x0000000088280000)
 Metaspace       used 93701K, capacity 98374K, committed 98496K, reserved 1134592K
  class space    used 12629K, capacity 13476K, committed 13568K, reserved 1048576K
}
Event: 318.768 GC heap before
{Heap before GC invocations=19 (full 4):
 PSYoungGen      total 332800K, used 8350K [0x00000000d5580000, 0x00000000ee680000, 0x0000000100000000)
  eden space 295424K, 0% used [0x00000000d5580000,0x00000000d5580000,0x00000000e7600000)
  from space 37376K, 22% used [0x00000000e7600000,0x00000000e7e27af8,0x00000000e9a80000)
  to   space 36352K, 0% used [0x00000000ec300000,0x00000000ec300000,0x00000000ee680000)
 ParOldGen       total 133632K, used 68865K [0x0000000080000000, 0x0000000088280000, 0x00000000d5580000)
  object space 133632K, 51% used [0x0000000080000000,0x0000000084340638,0x0000000088280000)
 Metaspace       used 93701K, capacity 98374K, committed 98496K, reserved 1134592K
  class space    used 12629K, capacity 13476K, committed 13568K, reserved 1048576K
Event: 319.038 GC heap after
Heap after GC invocations=19 (full 4):
 PSYoungGen      total 332800K, used 0K [0x00000000d5580000, 0x00000000ee680000, 0x0000000100000000)
  eden space 295424K, 0% used [0x00000000d5580000,0x00000000d5580000,0x00000000e7600000)
  from space 37376K, 0% used [0x00000000e7600000,0x00000000e7600000,0x00000000e9a80000)
  to   space 36352K, 0% used [0x00000000ec300000,0x00000000ec300000,0x00000000ee680000)
 ParOldGen       total 203776K, used 61586K [0x0000000080000000, 0x000000008c700000, 0x00000000d5580000)
  object space 203776K, 30% used [0x0000000080000000,0x0000000083c24b28,0x000000008c700000)
 Metaspace       used 93638K, capacity 98198K, committed 98496K, reserved 1134592K
  class space    used 12610K, capacity 13442K, committed 13568K, reserved 1048576K
}
Event: 325.758 GC heap before
{Heap before GC invocations=20 (full 4):
 PSYoungGen      total 332800K, used 295424K [0x00000000d5580000, 0x00000000ee680000, 0x0000000100000000)
  eden space 295424K, 100% used [0x00000000d5580000,0x00000000e7600000,0x00000000e7600000)
  from space 37376K, 0% used [0x00000000e7600000,0x00000000e7600000,0x00000000e9a80000)
  to   space 36352K, 0% used [0x00000000ec300000,0x00000000ec300000,0x00000000ee680000)
 ParOldGen       total 203776K, used 61586K [0x0000000080000000, 0x000000008c700000, 0x00000000d5580000)
  object space 203776K, 30% used [0x0000000080000000,0x0000000083c24b28,0x000000008c700000)
 Metaspace       used 96954K, capacity 101728K, committed 102016K, reserved 1138688K
  class space    used 12814K, capacity 13661K, committed 13696K, reserved 1048576K
Event: 325.781 GC heap after
Heap after GC invocations=20 (full 4):
 PSYoungGen      total 375296K, used 17117K [0x00000000d5580000, 0x00000000ee680000, 0x0000000100000000)
  eden space 338944K, 0% used [0x00000000d5580000,0x00000000d5580000,0x00000000ea080000)
  from space 36352K, 47% used [0x00000000ec300000,0x00000000ed3b7558,0x00000000ee680000)
  to   space 35328K, 0% used [0x00000000ea080000,0x00000000ea080000,0x00000000ec300000)
 ParOldGen       total 203776K, used 61594K [0x0000000080000000, 0x000000008c700000, 0x00000000d5580000)
  object space 203776K, 30% used [0x0000000080000000,0x0000000083c26b28,0x000000008c700000)
 Metaspace       used 96954K, capacity 101728K, committed 102016K, reserved 1138688K
  class space    used 12814K, capacity 13661K, committed 13696K, reserved 1048576K
}
Event: 454.128 GC heap before
{Heap before GC invocations=21 (full 4):
 PSYoungGen      total 375296K, used 356048K [0x00000000d5580000, 0x00000000ee680000, 0x0000000100000000)
  eden space 338944K, 99% used [0x00000000d5580000,0x00000000ea07cb68,0x00000000ea080000)
  from space 36352K, 47% used [0x00000000ec300000,0x00000000ed3b7558,0x00000000ee680000)
  to   space 35328K, 0% used [0x00000000ea080000,0x00000000ea080000,0x00000000ec300000)
 ParOldGen       total 203776K, used 61594K [0x0000000080000000, 0x000000008c700000, 0x00000000d5580000)
  object space 203776K, 30% used [0x0000000080000000,0x0000000083c26b28,0x000000008c700000)
 Metaspace       used 98724K, capacity 103752K, committed 104064K, reserved 1138688K
  class space    used 12955K, capacity 13851K, committed 13952K, reserved 1048576K
Event: 454.149 GC heap after
Heap after GC invocations=21 (full 4):
 PSYoungGen      total 374272K, used 17345K [0x00000000d5580000, 0x00000000efe80000, 0x0000000100000000)
  eden space 338944K, 0% used [0x00000000d5580000,0x00000000d5580000,0x00000000ea080000)
  from space 35328K, 49% used [0x00000000ea080000,0x00000000eb170608,0x00000000ec300000)
  to   space 34304K, 0% used [0x00000000edd00000,0x00000000edd00000,0x00000000efe80000)
 ParOldGen       total 203776K, used 61602K [0x0000000080000000, 0x000000008c700000, 0x00000000d5580000)
  object space 203776K, 30% used [0x0000000080000000,0x0000000083c28b28,0x000000008c700000)
 Metaspace       used 98724K, capacity 103752K, committed 104064K, reserved 1138688K
  class space    used 12955K, capacity 13851K, committed 13952K, reserved 1048576K
}
Event: 475.901 GC heap before
{Heap before GC invocations=22 (full 4):
 PSYoungGen      total 374272K, used 356132K [0x00000000d5580000, 0x00000000efe80000, 0x0000000100000000)
  eden space 338944K, 99% used [0x00000000d5580000,0x00000000ea058d30,0x00000000ea080000)
  from space 35328K, 49% used [0x00000000ea080000,0x00000000eb170608,0x00000000ec300000)
  to   space 34304K, 0% used [0x00000000edd00000,0x00000000edd00000,0x00000000efe80000)
 ParOldGen       total 203776K, used 61602K [0x0000000080000000, 0x000000008c700000, 0x00000000d5580000)
  object space 203776K, 30% used [0x0000000080000000,0x0000000083c28b28,0x000000008c700000)
 Metaspace       used 103892K, capacity 109174K, committed 109312K, reserved 1144832K
  class space    used 13581K, capacity 14565K, committed 14592K, reserved 1048576K
Event: 475.936 GC heap after
Heap after GC invocations=22 (full 4):
 PSYoungGen      total 394752K, used 25025K [0x00000000d5580000, 0x00000000efd00000, 0x0000000100000000)
  eden space 361984K, 0% used [0x00000000d5580000,0x00000000d5580000,0x00000000eb700000)
  from space 32768K, 76% used [0x00000000edd00000,0x00000000ef570558,0x00000000efd00000)
  to   space 35840K, 0% used [0x00000000eb700000,0x00000000eb700000,0x00000000eda00000)
 ParOldGen       total 203776K, used 61610K [0x0000000080000000, 0x000000008c700000, 0x00000000d5580000)
  object space 203776K, 30% used [0x0000000080000000,0x0000000083c2ab28,0x000000008c700000)
 Metaspace       used 103892K, capacity 109174K, committed 109312K, reserved 1144832K
  class space    used 13581K, capacity 14565K, committed 14592K, reserved 1048576K
}

