# JRE version: OpenJDK Runtime Environment (8.0_242-b01) (build 1.8.0_242-release-1644-b01)
# Java VM: OpenJDK 64-Bit Server VM (25.242-b01 mixed mode windows-amd64 compressed oops)
Heap:
 PSYoungGen      total 511488K, used 45069K [0x00000000d5580000, 0x00000000f7800000, 0x0000000100000000)
  eden space 478720K, 2% used [0x00000000d5580000,0x00000000d61861f8,0x00000000f2900000)
  from space 32768K, 99% used [0x00000000f2900000,0x00000000f48fd328,0x00000000f4900000)
  to   space 23040K, 0% used [0x00000000f4900000,0x00000000f4900000,0x00000000f5f80000)
 ParOldGen       total 155136K, used 50882K [0x0000000080000000, 0x0000000089780000, 0x00000000d5580000)
  object space 155136K, 32% used [0x0000000080000000,0x00000000831b0880,0x0000000089780000)
 Metaspace       used 86444K, capacity 90296K, committed 90624K, reserved 1128448K
  class space    used 11427K, capacity 12179K, committed 12288K, reserved 1048576K
GC Heap History (10 events):
Event: 77.451 GC heap before
{Heap before GC invocations=18 (full 2):
 PSYoungGen      total 393728K, used 387935K [0x00000000d5580000, 0x00000000f2500000, 0x0000000100000000)
  eden space 374272K, 100% used [0x00000000d5580000,0x00000000ec300000,0x00000000ec300000)
  from space 19456K, 70% used [0x00000000ec300000,0x00000000ed057fc0,0x00000000ed600000)
  to   space 19968K, 0% used [0x00000000f1180000,0x00000000f1180000,0x00000000f2500000)
 ParOldGen       total 105984K, used 21874K [0x0000000080000000, 0x0000000086780000, 0x00000000d5580000)
  object space 105984K, 20% used [0x0000000080000000,0x000000008155c978,0x0000000086780000)
 Metaspace       used 50418K, capacity 52396K, committed 52480K, reserved 1095680K
  class space    used 6486K, capacity 6853K, committed 6912K, reserved 1048576K
Event: 77.463 GC heap after
Heap after GC invocations=18 (full 2):
 PSYoungGen      total 454144K, used 12929K [0x00000000d5580000, 0x00000000f2800000, 0x0000000100000000)
  eden space 434176K, 0% used [0x00000000d5580000,0x00000000d5580000,0x00000000efd80000)
  from space 19968K, 64% used [0x00000000f1180000,0x00000000f1e20698,0x00000000f2500000)
  to   space 20480K, 0% used [0x00000000efd80000,0x00000000efd80000,0x00000000f1180000)
 ParOldGen       total 105984K, used 21882K [0x0000000080000000, 0x0000000086780000, 0x00000000d5580000)
  object space 105984K, 20% used [0x0000000080000000,0x000000008155e978,0x0000000086780000)
 Metaspace       used 50418K, capacity 52396K, committed 52480K, reserved 1095680K
  class space    used 6486K, capacity 6853K, committed 6912K, reserved 1048576K
}
Event: 79.893 GC heap before
{Heap before GC invocations=19 (full 2):
 PSYoungGen      total 454144K, used 390508K [0x00000000d5580000, 0x00000000f2800000, 0x0000000100000000)
  eden space 434176K, 86% used [0x00000000d5580000,0x00000000ec63ad10,0x00000000efd80000)
  from space 19968K, 64% used [0x00000000f1180000,0x00000000f1e20698,0x00000000f2500000)
  to   space 20480K, 0% used [0x00000000efd80000,0x00000000efd80000,0x00000000f1180000)
 ParOldGen       total 105984K, used 21882K [0x0000000080000000, 0x0000000086780000, 0x00000000d5580000)
  object space 105984K, 20% used [0x0000000080000000,0x000000008155e978,0x0000000086780000)
 Metaspace       used 56628K, capacity 59040K, committed 59160K, reserved 1101824K
  class space    used 7259K, capacity 7733K, committed 7808K, reserved 1048576K
Event: 79.913 GC heap after
Heap after GC invocations=19 (full 2):
 PSYoungGen      total 454656K, used 20477K [0x00000000d5580000, 0x00000000f5f80000, 0x0000000100000000)
  eden space 434176K, 0% used [0x00000000d5580000,0x00000000d5580000,0x00000000efd80000)
  from space 20480K, 99% used [0x00000000efd80000,0x00000000f117f7b0,0x00000000f1180000)
  to   space 23040K, 0% used [0x00000000f4900000,0x00000000f4900000,0x00000000f5f80000)
 ParOldGen       total 105984K, used 22084K [0x0000000080000000, 0x0000000086780000, 0x00000000d5580000)
  object space 105984K, 20% used [0x0000000080000000,0x0000000081591170,0x0000000086780000)
 Metaspace       used 56628K, capacity 59040K, committed 59160K, reserved 1101824K
  class space    used 7259K, capacity 7733K, committed 7808K, reserved 1048576K
}
Event: 79.913 GC heap before
{Heap before GC invocations=20 (full 3):
 PSYoungGen      total 454656K, used 20477K [0x00000000d5580000, 0x00000000f5f80000, 0x0000000100000000)
  eden space 434176K, 0% used [0x00000000d5580000,0x00000000d5580000,0x00000000efd80000)
  from space 20480K, 99% used [0x00000000efd80000,0x00000000f117f7b0,0x00000000f1180000)
  to   space 23040K, 0% used [0x00000000f4900000,0x00000000f4900000,0x00000000f5f80000)
 ParOldGen       total 105984K, used 22084K [0x0000000080000000, 0x0000000086780000, 0x00000000d5580000)
  object space 105984K, 20% used [0x0000000080000000,0x0000000081591170,0x0000000086780000)
 Metaspace       used 56628K, capacity 59040K, committed 59160K, reserved 1101824K
  class space    used 7259K, capacity 7733K, committed 7808K, reserved 1048576K
Event: 80.107 GC heap after
Heap after GC invocations=20 (full 3):
 PSYoungGen      total 454656K, used 0K [0x00000000d5580000, 0x00000000f5f80000, 0x0000000100000000)
  eden space 434176K, 0% used [0x00000000d5580000,0x00000000d5580000,0x00000000efd80000)
  from space 20480K, 0% used [0x00000000efd80000,0x00000000efd80000,0x00000000f1180000)
  to   space 23040K, 0% used [0x00000000f4900000,0x00000000f4900000,0x00000000f5f80000)
 ParOldGen       total 155136K, used 32665K [0x0000000080000000, 0x0000000089780000, 0x00000000d5580000)
  object space 155136K, 21% used [0x0000000080000000,0x0000000081fe6780,0x0000000089780000)
 Metaspace       used 56514K, capacity 58814K, committed 59160K, reserved 1101824K
  class space    used 7225K, capacity 7689K, committed 7808K, reserved 1048576K
}
Event: 101.028 GC heap before
{Heap before GC invocations=21 (full 3):
 PSYoungGen      total 454656K, used 434176K [0x00000000d5580000, 0x00000000f5f80000, 0x0000000100000000)
  eden space 434176K, 100% used [0x00000000d5580000,0x00000000efd80000,0x00000000efd80000)
  from space 20480K, 0% used [0x00000000efd80000,0x00000000efd80000,0x00000000f1180000)
  to   space 23040K, 0% used [0x00000000f4900000,0x00000000f4900000,0x00000000f5f80000)
 ParOldGen       total 155136K, used 32665K [0x0000000080000000, 0x0000000089780000, 0x00000000d5580000)
  object space 155136K, 21% used [0x0000000080000000,0x0000000081fe6780,0x0000000089780000)
 Metaspace       used 82061K, capacity 85326K, committed 85632K, reserved 1124352K
  class space    used 10898K, capacity 11569K, committed 11648K, reserved 1048576K
Event: 101.081 GC heap after
Heap after GC invocations=21 (full 3):
 PSYoungGen      total 501760K, used 23020K [0x00000000d5580000, 0x00000000f7800000, 0x0000000100000000)
  eden space 478720K, 0% used [0x00000000d5580000,0x00000000d5580000,0x00000000f2900000)
  from space 23040K, 99% used [0x00000000f4900000,0x00000000f5f7b3b8,0x00000000f5f80000)
  to   space 32768K, 0% used [0x00000000f2900000,0x00000000f2900000,0x00000000f4900000)
 ParOldGen       total 155136K, used 49229K [0x0000000080000000, 0x0000000089780000, 0x00000000d5580000)
  object space 155136K, 31% used [0x0000000080000000,0x0000000083013448,0x0000000089780000)
 Metaspace       used 82061K, capacity 85326K, committed 85632K, reserved 1124352K
  class space    used 10898K, capacity 11569K, committed 11648K, reserved 1048576K
}
Event: 104.994 GC heap before
{Heap before GC invocations=22 (full 3):
 PSYoungGen      total 501760K, used 501740K [0x00000000d5580000, 0x00000000f7800000, 0x0000000100000000)
  eden space 478720K, 100% used [0x00000000d5580000,0x00000000f2900000,0x00000000f2900000)
  from space 23040K, 99% used [0x00000000f4900000,0x00000000f5f7b3b8,0x00000000f5f80000)
  to   space 32768K, 0% used [0x00000000f2900000,0x00000000f2900000,0x00000000f4900000)
 ParOldGen       total 155136K, used 49229K [0x0000000080000000, 0x0000000089780000, 0x00000000d5580000)
  object space 155136K, 31% used [0x0000000080000000,0x0000000083013448,0x0000000089780000)
 Metaspace       used 86443K, capacity 90296K, committed 90624K, reserved 1128448K
  class space    used 11427K, capacity 12179K, committed 12288K, reserved 1048576K
Event: 105.055 GC heap after
Heap after GC invocations=22 (full 3):
 PSYoungGen      total 511488K, used 32756K [0x00000000d5580000, 0x00000000f7800000, 0x0000000100000000)
  eden space 478720K, 0% used [0x00000000d5580000,0x00000000d5580000,0x00000000f2900000)
  from space 32768K, 99% used [0x00000000f2900000,0x00000000f48fd328,0x00000000f4900000)
  to   space 23040K, 0% used [0x00000000f4900000,0x00000000f4900000,0x00000000f5f80000)
 ParOldGen       total 155136K, used 50882K [0x0000000080000000, 0x0000000089780000, 0x00000000d5580000)
  object space 155136K, 32% used [0x0000000080000000,0x00000000831b0880,0x0000000089780000)
 Metaspace       used 86443K, capacity 90296K, committed 90624K, reserved 1128448K
  class space    used 11427K, capacity 12179K, committed 12288K, reserved 1048576K
}

